=== Запуск Wordle ===
Словарь загружен, подходящих слов: 4163
Новая игра. Загаданное слово: шихан
Подсказка: зерно
Ход: просо -> -----, осталось попыток: 5
Ход: горох -> ----^, осталось попыток: 4
Ход: пшено -> -^-^-, осталось попыток: 3
Подсказка: шихан
Ход: шихан -> +++++, осталось попыток: 2
Игра завершена.
=== Запуск Wordle ===
Словарь загружен, подходящих слов: 4163
Новая игра. Загаданное слово: мутул
Подсказка: бронх
Ход: бронх -> -----, осталось попыток: 5
Подсказка: улика
Ход: улика -> ^^---, осталось попыток: 4
Подсказка: тулуп
Ход: тулуп -> ^+^+-, осталось попыток: 3
Подсказка: тулуз
Ход: тулуз -> ^+^+-, осталось попыток: 2
Подсказка: мутул
Слово "нутул" отсутствует в словаре
Ход: мутул -> +++++, осталось попыток: 1
Игра завершена.
=== Запуск Wordle ===
Словарь загружен, подходящих слов: 4163
Новая игра. Загаданное слово: грань
Ход: парад -> -^^--, осталось попыток: 5
Подсказка: страх (осталось подсказок: 2)
Ход: страх -> --^^-, осталось попыток: 4
Подсказка: норма (осталось подсказок: 1)
Ход: норма -> ^-^-^, осталось попыток: 3
Подсказка: ранец (осталось подсказок: 0)
Ход: ранец -> ^^^--, осталось попыток: 2
Ход: баран -> -^^-^, осталось попыток: 1
Слово "арман" отсутствует в словаре
Ход: ангар -> ^^^-^, осталось попыток: 0
Игра завершена.
